# JRE version: OpenJDK Runtime Environment Temurin-17.0.7+7 (17.0.7+7) (build 17.0.7+7)
# Java VM: OpenJDK 64-Bit Server VM Temurin-17.0.7+7 (17.0.7+7, mixed mode, sharing, tiered, compressed oops, compressed class ptrs, g1 gc, windows-amd64)
GC Precious Log:
 CPUs: 16 total, 16 available
 Memory: 16088M
 Large Page Support: Disabled
 NUMA Support: Disabled
 Compressed Oops: Enabled (Zero based)
 Heap Region Size: 2M
 Heap Min Capacity: 512M
 Heap Initial Capacity: 512M
 Heap Max Capacity: 4072M
 Pre-touch: Disabled
 Parallel Workers: 13
 Concurrent Workers: 3
 Concurrent Refinement Workers: 13
 Periodic GC: Disabled
 String Deduplication is enabled
Heap:
 garbage-first heap   total 524288K, used 99789K [0x0000000701800000, 0x0000000800000000)
  region size 2048K, 18 young (36864K), 1 survivors (2048K)
 Metaspace       used 83482K, committed 84864K, reserved 1179648K
  class space    used 11408K, committed 11904K, reserved 1048576K
GC Heap History (20 events):
Event: 4825.578 GC heap before
{Heap before GC invocations=143 (full 4):
 garbage-first heap   total 630784K, used 190149K [0x0000000701800000, 0x0000000800000000)
  region size 2048K, 40 young (81920K), 2 survivors (4096K)
 Metaspace       used 84023K, committed 84672K, reserved 1179648K
  class space    used 11565K, committed 11904K, reserved 1048576K
}
Event: 4825.581 GC heap after
{Heap after GC invocations=144 (full 4):
 garbage-first heap   total 630784K, used 112380K [0x0000000701800000, 0x0000000800000000)
  region size 2048K, 2 young (4096K), 2 survivors (4096K)
 Metaspace       used 84023K, committed 84672K, reserved 1179648K
  class space    used 11565K, committed 11904K, reserved 1048576K
}
Event: 4858.348 GC heap before
{Heap before GC invocations=144 (full 4):
 garbage-first heap   total 630784K, used 190204K [0x0000000701800000, 0x0000000800000000)
  region size 2048K, 40 young (81920K), 2 survivors (4096K)
 Metaspace       used 84028K, committed 84672K, reserved 1179648K
  class space    used 11565K, committed 11904K, reserved 1048576K
}
Event: 4858.353 GC heap after
{Heap after GC invocations=145 (full 4):
 garbage-first heap   total 630784K, used 112424K [0x0000000701800000, 0x0000000800000000)
  region size 2048K, 2 young (4096K), 2 survivors (4096K)
 Metaspace       used 84028K, committed 84672K, reserved 1179648K
  class space    used 11565K, committed 11904K, reserved 1048576K
}
Event: 4880.267 GC heap before
{Heap before GC invocations=145 (full 4):
 garbage-first heap   total 630784K, used 190248K [0x0000000701800000, 0x0000000800000000)
  region size 2048K, 40 young (81920K), 2 survivors (4096K)
 Metaspace       used 84032K, committed 84672K, reserved 1179648K
  class space    used 11565K, committed 11904K, reserved 1048576K
}
Event: 4880.270 GC heap after
{Heap after GC invocations=146 (full 4):
 garbage-first heap   total 630784K, used 112458K [0x0000000701800000, 0x0000000800000000)
  region size 2048K, 2 young (4096K), 2 survivors (4096K)
 Metaspace       used 84032K, committed 84672K, reserved 1179648K
  class space    used 11565K, committed 11904K, reserved 1048576K
}
Event: 4916.372 GC heap before
{Heap before GC invocations=146 (full 4):
 garbage-first heap   total 630784K, used 190282K [0x0000000701800000, 0x0000000800000000)
  region size 2048K, 40 young (81920K), 2 survivors (4096K)
 Metaspace       used 84077K, committed 84736K, reserved 1179648K
  class space    used 11565K, committed 11904K, reserved 1048576K
}
Event: 4916.375 GC heap after
{Heap after GC invocations=147 (full 4):
 garbage-first heap   total 630784K, used 114109K [0x0000000701800000, 0x0000000800000000)
  region size 2048K, 2 young (4096K), 2 survivors (4096K)
 Metaspace       used 84077K, committed 84736K, reserved 1179648K
  class space    used 11565K, committed 11904K, reserved 1048576K
}
Event: 4921.795 GC heap before
{Heap before GC invocations=147 (full 4):
 garbage-first heap   total 630784K, used 191933K [0x0000000701800000, 0x0000000800000000)
  region size 2048K, 40 young (81920K), 2 survivors (4096K)
 Metaspace       used 84108K, committed 84736K, reserved 1179648K
  class space    used 11565K, committed 11904K, reserved 1048576K
}
Event: 4921.799 GC heap after
{Heap after GC invocations=148 (full 4):
 garbage-first heap   total 630784K, used 113847K [0x0000000701800000, 0x0000000800000000)
  region size 2048K, 2 young (4096K), 2 survivors (4096K)
 Metaspace       used 84108K, committed 84736K, reserved 1179648K
  class space    used 11565K, committed 11904K, reserved 1048576K
}
Event: 4933.780 GC heap before
{Heap before GC invocations=148 (full 4):
 garbage-first heap   total 630784K, used 191671K [0x0000000701800000, 0x0000000800000000)
  region size 2048K, 40 young (81920K), 2 survivors (4096K)
 Metaspace       used 84119K, committed 84800K, reserved 1179648K
  class space    used 11565K, committed 11904K, reserved 1048576K
}
Event: 4933.783 GC heap after
{Heap after GC invocations=149 (full 4):
 garbage-first heap   total 630784K, used 113645K [0x0000000701800000, 0x0000000800000000)
  region size 2048K, 2 young (4096K), 2 survivors (4096K)
 Metaspace       used 84119K, committed 84800K, reserved 1179648K
  class space    used 11565K, committed 11904K, reserved 1048576K
}
Event: 4958.198 GC heap before
{Heap before GC invocations=149 (full 4):
 garbage-first heap   total 630784K, used 191469K [0x0000000701800000, 0x0000000800000000)
  region size 2048K, 40 young (81920K), 2 survivors (4096K)
 Metaspace       used 84130K, committed 84864K, reserved 1179648K
  class space    used 11565K, committed 11904K, reserved 1048576K
}
Event: 4958.203 GC heap after
{Heap after GC invocations=150 (full 4):
 garbage-first heap   total 630784K, used 113739K [0x0000000701800000, 0x0000000800000000)
  region size 2048K, 2 young (4096K), 2 survivors (4096K)
 Metaspace       used 84130K, committed 84864K, reserved 1179648K
  class space    used 11565K, committed 11904K, reserved 1048576K
}
Event: 4998.894 GC heap before
{Heap before GC invocations=150 (full 4):
 garbage-first heap   total 630784K, used 185419K [0x0000000701800000, 0x0000000800000000)
  region size 2048K, 38 young (77824K), 2 survivors (4096K)
 Metaspace       used 84138K, committed 84864K, reserved 1179648K
  class space    used 11565K, committed 11904K, reserved 1048576K
}
Event: 4998.961 GC heap after
{Heap after GC invocations=151 (full 5):
 garbage-first heap   total 524288K, used 68556K [0x0000000701800000, 0x0000000800000000)
  region size 2048K, 0 young (0K), 0 survivors (0K)
 Metaspace       used 83439K, committed 84864K, reserved 1179648K
  class space    used 11408K, committed 11904K, reserved 1048576K
}
Event: 5046.033 GC heap before
{Heap before GC invocations=151 (full 5):
 garbage-first heap   total 524288K, used 150476K [0x0000000701800000, 0x0000000800000000)
  region size 2048K, 40 young (81920K), 0 survivors (0K)
 Metaspace       used 83452K, committed 84864K, reserved 1179648K
  class space    used 11408K, committed 11904K, reserved 1048576K
}
Event: 5046.035 GC heap after
{Heap after GC invocations=152 (full 5):
 garbage-first heap   total 524288K, used 69152K [0x0000000701800000, 0x0000000800000000)
  region size 2048K, 1 young (2048K), 1 survivors (2048K)
 Metaspace       used 83452K, committed 84864K, reserved 1179648K
  class space    used 11408K, committed 11904K, reserved 1048576K
}
Event: 5075.389 GC heap before
{Heap before GC invocations=152 (full 5):
 garbage-first heap   total 524288K, used 149024K [0x0000000701800000, 0x0000000800000000)
  region size 2048K, 40 young (81920K), 1 survivors (2048K)
 Metaspace       used 83454K, committed 84864K, reserved 1179648K
  class space    used 11408K, committed 11904K, reserved 1048576K
}
Event: 5075.392 GC heap after
{Heap after GC invocations=153 (full 5):
 garbage-first heap   total 524288K, used 69069K [0x0000000701800000, 0x0000000800000000)
  region size 2048K, 1 young (2048K), 1 survivors (2048K)
 Metaspace       used 83454K, committed 84864K, reserved 1179648K
  class space    used 11408K, committed 11904K, reserved 1048576K
}

