# JRE version: OpenJDK Runtime Environment Temurin-17.0.7+7 (17.0.7+7) (build 17.0.7+7)
# Java VM: OpenJDK 64-Bit Server VM Temurin-17.0.7+7 (17.0.7+7, mixed mode, sharing, tiered, compressed oops, compressed class ptrs, g1 gc, windows-amd64)
GC Precious Log:
 CPUs: 16 total, 16 available
 Memory: 16088M
 Large Page Support: Disabled
 NUMA Support: Disabled
 Compressed Oops: Enabled (Zero based)
 Heap Region Size: 2M
 Heap Min Capacity: 512M
 Heap Initial Capacity: 512M
 Heap Max Capacity: 4072M
 Pre-touch: Disabled
 Parallel Workers: 13
 Concurrent Workers: 3
 Concurrent Refinement Workers: 13
 Periodic GC: Disabled
 String Deduplication is enabled
Heap:
 garbage-first heap   total 524288K, used 129034K [0x0000000701800000, 0x0000000800000000)
  region size 2048K, 9 young (18432K), 1 survivors (2048K)
 Metaspace       used 87198K, committed 87872K, reserved 1179648K
  class space    used 11774K, committed 12096K, reserved 1048576K
GC Heap History (20 events):
Event: 800.501 GC heap before
{Heap before GC invocations=223 (full 166):
 garbage-first heap   total 524288K, used 123022K [0x0000000701800000, 0x0000000800000000)
  region size 2048K, 2 young (4096K), 0 survivors (0K)
 Metaspace       used 86985K, committed 87680K, reserved 1179648K
  class space    used 11770K, committed 12096K, reserved 1048576K
}
Event: 800.561 GC heap after
{Heap after GC invocations=224 (full 167):
 garbage-first heap   total 524288K, used 112775K [0x0000000701800000, 0x0000000800000000)
  region size 2048K, 0 young (0K), 0 survivors (0K)
 Metaspace       used 86985K, committed 87680K, reserved 1179648K
  class space    used 11770K, committed 12096K, reserved 1048576K
}
Event: 801.323 GC heap before
{Heap before GC invocations=224 (full 167):
 garbage-first heap   total 524288K, used 123015K [0x0000000701800000, 0x0000000800000000)
  region size 2048K, 2 young (4096K), 0 survivors (0K)
 Metaspace       used 86985K, committed 87680K, reserved 1179648K
  class space    used 11770K, committed 12096K, reserved 1048576K
}
Event: 801.369 GC heap after
{Heap after GC invocations=225 (full 168):
 garbage-first heap   total 524288K, used 112781K [0x0000000701800000, 0x0000000800000000)
  region size 2048K, 0 young (0K), 0 survivors (0K)
 Metaspace       used 86985K, committed 87680K, reserved 1179648K
  class space    used 11770K, committed 12096K, reserved 1048576K
}
Event: 802.868 GC heap before
{Heap before GC invocations=225 (full 168):
 garbage-first heap   total 524288K, used 118925K [0x0000000701800000, 0x0000000800000000)
  region size 2048K, 2 young (4096K), 0 survivors (0K)
 Metaspace       used 86990K, committed 87680K, reserved 1179648K
  class space    used 11770K, committed 12096K, reserved 1048576K
}
Event: 802.916 GC heap after
{Heap after GC invocations=226 (full 169):
 garbage-first heap   total 524288K, used 112799K [0x0000000701800000, 0x0000000800000000)
  region size 2048K, 0 young (0K), 0 survivors (0K)
 Metaspace       used 86990K, committed 87680K, reserved 1179648K
  class space    used 11770K, committed 12096K, reserved 1048576K
}
Event: 872.282 GC heap before
{Heap before GC invocations=226 (full 169):
 garbage-first heap   total 524288K, used 194719K [0x0000000701800000, 0x0000000800000000)
  region size 2048K, 40 young (81920K), 0 survivors (0K)
 Metaspace       used 87003K, committed 87680K, reserved 1179648K
  class space    used 11770K, committed 12096K, reserved 1048576K
}
Event: 872.284 GC heap after
{Heap after GC invocations=227 (full 169):
 garbage-first heap   total 524288K, used 113258K [0x0000000701800000, 0x0000000800000000)
  region size 2048K, 1 young (2048K), 1 survivors (2048K)
 Metaspace       used 87003K, committed 87680K, reserved 1179648K
  class space    used 11770K, committed 12096K, reserved 1048576K
}
Event: 941.817 GC heap before
{Heap before GC invocations=227 (full 169):
 garbage-first heap   total 524288K, used 193130K [0x0000000701800000, 0x0000000800000000)
  region size 2048K, 40 young (81920K), 1 survivors (2048K)
 Metaspace       used 87095K, committed 87744K, reserved 1179648K
  class space    used 11774K, committed 12096K, reserved 1048576K
}
Event: 941.819 GC heap after
{Heap after GC invocations=228 (full 169):
 garbage-first heap   total 524288K, used 113617K [0x0000000701800000, 0x0000000800000000)
  region size 2048K, 1 young (2048K), 1 survivors (2048K)
 Metaspace       used 87095K, committed 87744K, reserved 1179648K
  class space    used 11774K, committed 12096K, reserved 1048576K
}
Event: 961.267 GC heap before
{Heap before GC invocations=228 (full 169):
 garbage-first heap   total 524288K, used 193489K [0x0000000701800000, 0x0000000800000000)
  region size 2048K, 40 young (81920K), 1 survivors (2048K)
 Metaspace       used 87121K, committed 87808K, reserved 1179648K
  class space    used 11774K, committed 12096K, reserved 1048576K
}
Event: 961.269 GC heap after
{Heap after GC invocations=229 (full 169):
 garbage-first heap   total 524288K, used 113338K [0x0000000701800000, 0x0000000800000000)
  region size 2048K, 1 young (2048K), 1 survivors (2048K)
 Metaspace       used 87121K, committed 87808K, reserved 1179648K
  class space    used 11774K, committed 12096K, reserved 1048576K
}
Event: 986.211 GC heap before
{Heap before GC invocations=229 (full 169):
 garbage-first heap   total 524288K, used 193210K [0x0000000701800000, 0x0000000800000000)
  region size 2048K, 40 young (81920K), 1 survivors (2048K)
 Metaspace       used 87137K, committed 87808K, reserved 1179648K
  class space    used 11774K, committed 12096K, reserved 1048576K
}
Event: 986.213 GC heap after
{Heap after GC invocations=230 (full 169):
 garbage-first heap   total 524288K, used 113466K [0x0000000701800000, 0x0000000800000000)
  region size 2048K, 1 young (2048K), 1 survivors (2048K)
 Metaspace       used 87137K, committed 87808K, reserved 1179648K
  class space    used 11774K, committed 12096K, reserved 1048576K
}
Event: 987.524 GC heap before
{Heap before GC invocations=230 (full 169):
 garbage-first heap   total 524288K, used 193338K [0x0000000701800000, 0x0000000800000000)
  region size 2048K, 40 young (81920K), 1 survivors (2048K)
 Metaspace       used 87148K, committed 87808K, reserved 1179648K
  class space    used 11774K, committed 12096K, reserved 1048576K
}
Event: 987.526 GC heap after
{Heap after GC invocations=231 (full 169):
 garbage-first heap   total 524288K, used 114117K [0x0000000701800000, 0x0000000800000000)
  region size 2048K, 1 young (2048K), 1 survivors (2048K)
 Metaspace       used 87148K, committed 87808K, reserved 1179648K
  class space    used 11774K, committed 12096K, reserved 1048576K
}
Event: 989.582 GC heap before
{Heap before GC invocations=231 (full 169):
 garbage-first heap   total 524288K, used 193989K [0x0000000701800000, 0x0000000800000000)
  region size 2048K, 40 young (81920K), 1 survivors (2048K)
 Metaspace       used 87160K, committed 87872K, reserved 1179648K
  class space    used 11774K, committed 12096K, reserved 1048576K
}
Event: 989.584 GC heap after
{Heap after GC invocations=232 (full 169):
 garbage-first heap   total 524288K, used 114416K [0x0000000701800000, 0x0000000800000000)
  region size 2048K, 1 young (2048K), 1 survivors (2048K)
 Metaspace       used 87160K, committed 87872K, reserved 1179648K
  class space    used 11774K, committed 12096K, reserved 1048576K
}
Event: 995.562 GC heap before
{Heap before GC invocations=232 (full 169):
 garbage-first heap   total 524288K, used 194288K [0x0000000701800000, 0x0000000800000000)
  region size 2048K, 40 young (81920K), 1 survivors (2048K)
 Metaspace       used 87197K, committed 87872K, reserved 1179648K
  class space    used 11774K, committed 12096K, reserved 1048576K
}
Event: 995.564 GC heap after
{Heap after GC invocations=233 (full 169):
 garbage-first heap   total 524288K, used 114698K [0x0000000701800000, 0x0000000800000000)
  region size 2048K, 1 young (2048K), 1 survivors (2048K)
 Metaspace       used 87197K, committed 87872K, reserved 1179648K
  class space    used 11774K, committed 12096K, reserved 1048576K
}

