# JRE version: OpenJDK Runtime Environment Temurin-17.0.7+7 (17.0.7+7) (build 17.0.7+7)
# Java VM: OpenJDK 64-Bit Server VM Temurin-17.0.7+7 (17.0.7+7, mixed mode, sharing, tiered, compressed oops, compressed class ptrs, g1 gc, windows-amd64)
GC Precious Log:
 CPUs: 16 total, 16 available
 Memory: 16088M
 Large Page Support: Disabled
 NUMA Support: Disabled
 Compressed Oops: Enabled (Zero based)
 Heap Region Size: 2M
 Heap Min Capacity: 512M
 Heap Initial Capacity: 512M
 Heap Max Capacity: 4072M
 Pre-touch: Disabled
 Parallel Workers: 13
 Concurrent Workers: 3
 Concurrent Refinement Workers: 13
 Periodic GC: Disabled
 String Deduplication is enabled
Heap:
 garbage-first heap   total 524288K, used 189545K [0x0000000701800000, 0x0000000800000000)
  region size 2048K, 40 young (81920K), 3 survivors (6144K)
 Metaspace       used 78256K, committed 78912K, reserved 1179648K
  class space    used 10827K, committed 11136K, reserved 1048576K
GC Heap History (20 events):
Event: 141.648 GC heap before
{Heap before GC invocations=33 (full 1):
 garbage-first heap   total 524288K, used 188436K [0x0000000701800000, 0x0000000800000000)
  region size 2048K, 40 young (81920K), 4 survivors (8192K)
 Metaspace       used 77724K, committed 78336K, reserved 1179648K
  class space    used 10824K, committed 11136K, reserved 1048576K
}
Event: 141.653 GC heap after
{Heap after GC invocations=34 (full 1):
 garbage-first heap   total 524288K, used 115122K [0x0000000701800000, 0x0000000800000000)
  region size 2048K, 3 young (6144K), 3 survivors (6144K)
 Metaspace       used 77724K, committed 78336K, reserved 1179648K
  class space    used 10824K, committed 11136K, reserved 1048576K
}
Event: 146.564 GC heap before
{Heap before GC invocations=34 (full 1):
 garbage-first heap   total 524288K, used 190898K [0x0000000701800000, 0x0000000800000000)
  region size 2048K, 40 young (81920K), 3 survivors (6144K)
 Metaspace       used 77758K, committed 78400K, reserved 1179648K
  class space    used 10825K, committed 11136K, reserved 1048576K
}
Event: 146.567 GC heap after
{Heap after GC invocations=35 (full 1):
 garbage-first heap   total 524288K, used 114559K [0x0000000701800000, 0x0000000800000000)
  region size 2048K, 3 young (6144K), 3 survivors (6144K)
 Metaspace       used 77758K, committed 78400K, reserved 1179648K
  class space    used 10825K, committed 11136K, reserved 1048576K
}
Event: 154.969 GC heap before
{Heap before GC invocations=35 (full 1):
 garbage-first heap   total 524288K, used 190335K [0x0000000701800000, 0x0000000800000000)
  region size 2048K, 40 young (81920K), 3 survivors (6144K)
 Metaspace       used 77793K, committed 78400K, reserved 1179648K
  class space    used 10825K, committed 11136K, reserved 1048576K
}
Event: 154.972 GC heap after
{Heap after GC invocations=36 (full 1):
 garbage-first heap   total 524288K, used 114161K [0x0000000701800000, 0x0000000800000000)
  region size 2048K, 2 young (4096K), 2 survivors (4096K)
 Metaspace       used 77793K, committed 78400K, reserved 1179648K
  class space    used 10825K, committed 11136K, reserved 1048576K
}
Event: 155.781 GC heap before
{Heap before GC invocations=36 (full 1):
 garbage-first heap   total 524288K, used 191985K [0x0000000701800000, 0x0000000800000000)
  region size 2048K, 40 young (81920K), 2 survivors (4096K)
 Metaspace       used 77844K, committed 78464K, reserved 1179648K
  class space    used 10825K, committed 11136K, reserved 1048576K
}
Event: 155.785 GC heap after
{Heap after GC invocations=37 (full 1):
 garbage-first heap   total 524288K, used 115080K [0x0000000701800000, 0x0000000800000000)
  region size 2048K, 3 young (6144K), 3 survivors (6144K)
 Metaspace       used 77844K, committed 78464K, reserved 1179648K
  class space    used 10825K, committed 11136K, reserved 1048576K
}
Event: 157.656 GC heap before
{Heap before GC invocations=37 (full 1):
 garbage-first heap   total 524288K, used 190856K [0x0000000701800000, 0x0000000800000000)
  region size 2048K, 40 young (81920K), 3 survivors (6144K)
 Metaspace       used 77879K, committed 78528K, reserved 1179648K
  class space    used 10825K, committed 11136K, reserved 1048576K
}
Event: 157.658 GC heap after
{Heap after GC invocations=38 (full 1):
 garbage-first heap   total 524288K, used 115239K [0x0000000701800000, 0x0000000800000000)
  region size 2048K, 3 young (6144K), 3 survivors (6144K)
 Metaspace       used 77879K, committed 78528K, reserved 1179648K
  class space    used 10825K, committed 11136K, reserved 1048576K
}
Event: 159.288 GC heap before
{Heap before GC invocations=38 (full 1):
 garbage-first heap   total 524288K, used 191015K [0x0000000701800000, 0x0000000800000000)
  region size 2048K, 40 young (81920K), 3 survivors (6144K)
 Metaspace       used 77918K, committed 78528K, reserved 1179648K
  class space    used 10825K, committed 11136K, reserved 1048576K
}
Event: 159.292 GC heap after
{Heap after GC invocations=39 (full 1):
 garbage-first heap   total 524288K, used 115141K [0x0000000701800000, 0x0000000800000000)
  region size 2048K, 3 young (6144K), 3 survivors (6144K)
 Metaspace       used 77918K, committed 78528K, reserved 1179648K
  class space    used 10825K, committed 11136K, reserved 1048576K
}
Event: 173.721 GC heap before
{Heap before GC invocations=39 (full 1):
 garbage-first heap   total 524288K, used 190917K [0x0000000701800000, 0x0000000800000000)
  region size 2048K, 40 young (81920K), 3 survivors (6144K)
 Metaspace       used 78016K, committed 78592K, reserved 1179648K
  class space    used 10825K, committed 11136K, reserved 1048576K
}
Event: 173.725 GC heap after
{Heap after GC invocations=40 (full 1):
 garbage-first heap   total 524288K, used 116321K [0x0000000701800000, 0x0000000800000000)
  region size 2048K, 3 young (6144K), 3 survivors (6144K)
 Metaspace       used 78016K, committed 78592K, reserved 1179648K
  class space    used 10825K, committed 11136K, reserved 1048576K
}
Event: 177.583 GC heap before
{Heap before GC invocations=40 (full 1):
 garbage-first heap   total 524288K, used 192097K [0x0000000701800000, 0x0000000800000000)
  region size 2048K, 40 young (81920K), 3 survivors (6144K)
 Metaspace       used 78068K, committed 78656K, reserved 1179648K
  class space    used 10825K, committed 11136K, reserved 1048576K
}
Event: 177.585 GC heap after
{Heap after GC invocations=41 (full 1):
 garbage-first heap   total 524288K, used 116487K [0x0000000701800000, 0x0000000800000000)
  region size 2048K, 3 young (6144K), 3 survivors (6144K)
 Metaspace       used 78068K, committed 78656K, reserved 1179648K
  class space    used 10825K, committed 11136K, reserved 1048576K
}
Event: 178.445 GC heap before
{Heap before GC invocations=41 (full 1):
 garbage-first heap   total 524288K, used 192263K [0x0000000701800000, 0x0000000800000000)
  region size 2048K, 40 young (81920K), 3 survivors (6144K)
 Metaspace       used 78110K, committed 78720K, reserved 1179648K
  class space    used 10825K, committed 11136K, reserved 1048576K
}
Event: 178.448 GC heap after
{Heap after GC invocations=42 (full 1):
 garbage-first heap   total 524288K, used 115858K [0x0000000701800000, 0x0000000800000000)
  region size 2048K, 3 young (6144K), 3 survivors (6144K)
 Metaspace       used 78110K, committed 78720K, reserved 1179648K
  class space    used 10825K, committed 11136K, reserved 1048576K
}
Event: 186.174 GC heap before
{Heap before GC invocations=42 (full 1):
 garbage-first heap   total 524288K, used 191634K [0x0000000701800000, 0x0000000800000000)
  region size 2048K, 40 young (81920K), 3 survivors (6144K)
 Metaspace       used 78177K, committed 78784K, reserved 1179648K
  class space    used 10826K, committed 11136K, reserved 1048576K
}
Event: 186.178 GC heap after
{Heap after GC invocations=43 (full 1):
 garbage-first heap   total 524288K, used 115817K [0x0000000701800000, 0x0000000800000000)
  region size 2048K, 3 young (6144K), 3 survivors (6144K)
 Metaspace       used 78177K, committed 78784K, reserved 1179648K
  class space    used 10826K, committed 11136K, reserved 1048576K
}

