# JRE version: OpenJDK Runtime Environment Temurin-17.0.7+7 (17.0.7+7) (build 17.0.7+7)
# Java VM: OpenJDK 64-Bit Server VM Temurin-17.0.7+7 (17.0.7+7, mixed mode, sharing, tiered, compressed oops, compressed class ptrs, g1 gc, windows-amd64)
GC Precious Log:
 CPUs: 16 total, 16 available
 Memory: 16088M
 Large Page Support: Disabled
 NUMA Support: Disabled
 Compressed Oops: Enabled (Zero based)
 Heap Region Size: 2M
 Heap Min Capacity: 512M
 Heap Initial Capacity: 512M
 Heap Max Capacity: 4072M
 Pre-touch: Disabled
 Parallel Workers: 13
 Concurrent Workers: 3
 Concurrent Refinement Workers: 13
 Periodic GC: Disabled
 String Deduplication is enabled
Heap:
 garbage-first heap   total 524288K, used 155164K [0x0000000701800000, 0x0000000800000000)
  region size 2048K, 26 young (53248K), 2 survivors (4096K)
 Metaspace       used 78443K, committed 79104K, reserved 1179648K
  class space    used 10858K, committed 11200K, reserved 1048576K
GC Heap History (20 events):
Event: 241.961 GC heap before
{Heap before GC invocations=26 (full 1):
 garbage-first heap   total 524288K, used 191183K [0x0000000701800000, 0x0000000800000000)
  region size 2048K, 40 young (81920K), 2 survivors (4096K)
 Metaspace       used 77279K, committed 77952K, reserved 1179648K
  class space    used 10807K, committed 11136K, reserved 1048576K
}
Event: 241.964 GC heap after
{Heap after GC invocations=27 (full 1):
 garbage-first heap   total 524288K, used 113647K [0x0000000701800000, 0x0000000800000000)
  region size 2048K, 2 young (4096K), 2 survivors (4096K)
 Metaspace       used 77279K, committed 77952K, reserved 1179648K
  class space    used 10807K, committed 11136K, reserved 1048576K
}
Event: 243.734 GC heap before
{Heap before GC invocations=27 (full 1):
 garbage-first heap   total 524288K, used 191471K [0x0000000701800000, 0x0000000800000000)
  region size 2048K, 40 young (81920K), 2 survivors (4096K)
 Metaspace       used 77386K, committed 78080K, reserved 1179648K
  class space    used 10809K, committed 11136K, reserved 1048576K
}
Event: 243.737 GC heap after
{Heap after GC invocations=28 (full 1):
 garbage-first heap   total 524288K, used 113812K [0x0000000701800000, 0x0000000800000000)
  region size 2048K, 2 young (4096K), 2 survivors (4096K)
 Metaspace       used 77386K, committed 78080K, reserved 1179648K
  class space    used 10809K, committed 11136K, reserved 1048576K
}
Event: 248.439 GC heap before
{Heap before GC invocations=28 (full 1):
 garbage-first heap   total 524288K, used 191636K [0x0000000701800000, 0x0000000800000000)
  region size 2048K, 40 young (81920K), 2 survivors (4096K)
 Metaspace       used 77488K, committed 78080K, reserved 1179648K
  class space    used 10809K, committed 11136K, reserved 1048576K
}
Event: 248.442 GC heap after
{Heap after GC invocations=29 (full 1):
 garbage-first heap   total 524288K, used 113637K [0x0000000701800000, 0x0000000800000000)
  region size 2048K, 2 young (4096K), 2 survivors (4096K)
 Metaspace       used 77488K, committed 78080K, reserved 1179648K
  class space    used 10809K, committed 11136K, reserved 1048576K
}
Event: 250.841 GC heap before
{Heap before GC invocations=29 (full 1):
 garbage-first heap   total 524288K, used 191461K [0x0000000701800000, 0x0000000800000000)
  region size 2048K, 40 young (81920K), 2 survivors (4096K)
 Metaspace       used 77594K, committed 78272K, reserved 1179648K
  class space    used 10810K, committed 11136K, reserved 1048576K
}
Event: 250.844 GC heap after
{Heap after GC invocations=30 (full 1):
 garbage-first heap   total 524288K, used 115641K [0x0000000701800000, 0x0000000800000000)
  region size 2048K, 3 young (6144K), 3 survivors (6144K)
 Metaspace       used 77594K, committed 78272K, reserved 1179648K
  class space    used 10810K, committed 11136K, reserved 1048576K
}
Event: 254.000 GC heap before
{Heap before GC invocations=30 (full 1):
 garbage-first heap   total 524288K, used 185273K [0x0000000701800000, 0x0000000800000000)
  region size 2048K, 38 young (77824K), 3 survivors (6144K)
 Metaspace       used 77662K, committed 78272K, reserved 1179648K
  class space    used 10810K, committed 11136K, reserved 1048576K
}
Event: 254.049 GC heap after
{Heap after GC invocations=31 (full 2):
 garbage-first heap   total 524288K, used 104075K [0x0000000701800000, 0x0000000800000000)
  region size 2048K, 0 young (0K), 0 survivors (0K)
 Metaspace       used 77662K, committed 78272K, reserved 1179648K
  class space    used 10810K, committed 11136K, reserved 1048576K
}
Event: 257.140 GC heap before
{Heap before GC invocations=31 (full 2):
 garbage-first heap   total 524288K, used 185995K [0x0000000701800000, 0x0000000800000000)
  region size 2048K, 40 young (81920K), 0 survivors (0K)
 Metaspace       used 77695K, committed 78336K, reserved 1179648K
  class space    used 10810K, committed 11136K, reserved 1048576K
}
Event: 257.141 GC heap after
{Heap after GC invocations=32 (full 2):
 garbage-first heap   total 524288K, used 104855K [0x0000000701800000, 0x0000000800000000)
  region size 2048K, 1 young (2048K), 1 survivors (2048K)
 Metaspace       used 77695K, committed 78336K, reserved 1179648K
  class space    used 10810K, committed 11136K, reserved 1048576K
}
Event: 263.078 GC heap before
{Heap before GC invocations=32 (full 2):
 garbage-first heap   total 524288K, used 184727K [0x0000000701800000, 0x0000000800000000)
  region size 2048K, 40 young (81920K), 1 survivors (2048K)
 Metaspace       used 77844K, committed 78464K, reserved 1179648K
  class space    used 10825K, committed 11136K, reserved 1048576K
}
Event: 263.080 GC heap after
{Heap after GC invocations=33 (full 2):
 garbage-first heap   total 524288K, used 105730K [0x0000000701800000, 0x0000000800000000)
  region size 2048K, 1 young (2048K), 1 survivors (2048K)
 Metaspace       used 77844K, committed 78464K, reserved 1179648K
  class space    used 10825K, committed 11136K, reserved 1048576K
}
Event: 275.937 GC heap before
{Heap before GC invocations=33 (full 2):
 garbage-first heap   total 524288K, used 185602K [0x0000000701800000, 0x0000000800000000)
  region size 2048K, 40 young (81920K), 1 survivors (2048K)
 Metaspace       used 78187K, committed 78848K, reserved 1179648K
  class space    used 10858K, committed 11200K, reserved 1048576K
}
Event: 275.940 GC heap after
{Heap after GC invocations=34 (full 2):
 garbage-first heap   total 524288K, used 106996K [0x0000000701800000, 0x0000000800000000)
  region size 2048K, 2 young (4096K), 2 survivors (4096K)
 Metaspace       used 78187K, committed 78848K, reserved 1179648K
  class space    used 10858K, committed 11200K, reserved 1048576K
}
Event: 288.796 GC heap before
{Heap before GC invocations=34 (full 2):
 garbage-first heap   total 524288K, used 184820K [0x0000000701800000, 0x0000000800000000)
  region size 2048K, 40 young (81920K), 2 survivors (4096K)
 Metaspace       used 78343K, committed 78976K, reserved 1179648K
  class space    used 10858K, committed 11200K, reserved 1048576K
}
Event: 288.799 GC heap after
{Heap after GC invocations=35 (full 2):
 garbage-first heap   total 524288K, used 108509K [0x0000000701800000, 0x0000000800000000)
  region size 2048K, 3 young (6144K), 3 survivors (6144K)
 Metaspace       used 78343K, committed 78976K, reserved 1179648K
  class space    used 10858K, committed 11200K, reserved 1048576K
}
Event: 324.964 GC heap before
{Heap before GC invocations=35 (full 2):
 garbage-first heap   total 524288K, used 184285K [0x0000000701800000, 0x0000000800000000)
  region size 2048K, 40 young (81920K), 3 survivors (6144K)
 Metaspace       used 78403K, committed 79104K, reserved 1179648K
  class space    used 10858K, committed 11200K, reserved 1048576K
}
Event: 324.969 GC heap after
{Heap after GC invocations=36 (full 2):
 garbage-first heap   total 524288K, used 108060K [0x0000000701800000, 0x0000000800000000)
  region size 2048K, 2 young (4096K), 2 survivors (4096K)
 Metaspace       used 78403K, committed 79104K, reserved 1179648K
  class space    used 10858K, committed 11200K, reserved 1048576K
}

