# JRE version: OpenJDK Runtime Environment Temurin-17.0.7+7 (17.0.7+7) (build 17.0.7+7)
# Java VM: OpenJDK 64-Bit Server VM Temurin-17.0.7+7 (17.0.7+7, mixed mode, sharing, tiered, compressed oops, compressed class ptrs, g1 gc, windows-amd64)
GC Precious Log:
 CPUs: 16 total, 16 available
 Memory: 16088M
 Large Page Support: Disabled
 NUMA Support: Disabled
 Compressed Oops: Enabled (Zero based)
 Heap Region Size: 2M
 Heap Min Capacity: 512M
 Heap Initial Capacity: 512M
 Heap Max Capacity: 4072M
 Pre-touch: Disabled
 Parallel Workers: 13
 Concurrent Workers: 3
 Concurrent Refinement Workers: 13
 Periodic GC: Disabled
 String Deduplication is enabled
Heap:
 garbage-first heap   total 524288K, used 173742K [0x0000000701800000, 0x0000000800000000)
  region size 2048K, 35 young (71680K), 3 survivors (6144K)
 Metaspace       used 77427K, committed 78080K, reserved 1179648K
  class space    used 10796K, committed 11136K, reserved 1048576K
GC Heap History (20 events):
Event: 42.693 GC heap before
{Heap before GC invocations=19 (full 1):
 garbage-first heap   total 524288K, used 182299K [0x0000000701800000, 0x0000000800000000)
  region size 2048K, 40 young (81920K), 2 survivors (4096K)
 Metaspace       used 74809K, committed 75328K, reserved 1114112K
  class space    used 10631K, committed 10880K, reserved 1048576K
}
Event: 42.697 GC heap after
{Heap after GC invocations=20 (full 1):
 garbage-first heap   total 524288K, used 106800K [0x0000000701800000, 0x0000000800000000)
  region size 2048K, 4 young (8192K), 4 survivors (8192K)
 Metaspace       used 74809K, committed 75328K, reserved 1114112K
  class space    used 10631K, committed 10880K, reserved 1048576K
}
Event: 54.907 GC heap before
{Heap before GC invocations=20 (full 1):
 garbage-first heap   total 524288K, used 180528K [0x0000000701800000, 0x0000000800000000)
  region size 2048K, 40 young (81920K), 4 survivors (8192K)
 Metaspace       used 76251K, committed 76864K, reserved 1179648K
  class space    used 10775K, committed 11072K, reserved 1048576K
}
Event: 54.911 GC heap after
{Heap after GC invocations=21 (full 1):
 garbage-first heap   total 524288K, used 107953K [0x0000000701800000, 0x0000000800000000)
  region size 2048K, 3 young (6144K), 3 survivors (6144K)
 Metaspace       used 76251K, committed 76864K, reserved 1179648K
  class space    used 10775K, committed 11072K, reserved 1048576K
}
Event: 56.886 GC heap before
{Heap before GC invocations=21 (full 1):
 garbage-first heap   total 524288K, used 183729K [0x0000000701800000, 0x0000000800000000)
  region size 2048K, 40 young (81920K), 3 survivors (6144K)
 Metaspace       used 76326K, committed 76928K, reserved 1179648K
  class space    used 10776K, committed 11072K, reserved 1048576K
}
Event: 56.890 GC heap after
{Heap after GC invocations=22 (full 1):
 garbage-first heap   total 524288K, used 107936K [0x0000000701800000, 0x0000000800000000)
  region size 2048K, 3 young (6144K), 3 survivors (6144K)
 Metaspace       used 76326K, committed 76928K, reserved 1179648K
  class space    used 10776K, committed 11072K, reserved 1048576K
}
Event: 61.611 GC heap before
{Heap before GC invocations=22 (full 1):
 garbage-first heap   total 524288K, used 183712K [0x0000000701800000, 0x0000000800000000)
  region size 2048K, 40 young (81920K), 3 survivors (6144K)
 Metaspace       used 76500K, committed 77120K, reserved 1179648K
  class space    used 10778K, committed 11136K, reserved 1048576K
}
Event: 61.614 GC heap after
{Heap after GC invocations=23 (full 1):
 garbage-first heap   total 524288K, used 107579K [0x0000000701800000, 0x0000000800000000)
  region size 2048K, 3 young (6144K), 3 survivors (6144K)
 Metaspace       used 76500K, committed 77120K, reserved 1179648K
  class space    used 10778K, committed 11136K, reserved 1048576K
}
Event: 117.203 GC heap before
{Heap before GC invocations=23 (full 1):
 garbage-first heap   total 524288K, used 183355K [0x0000000701800000, 0x0000000800000000)
  region size 2048K, 40 young (81920K), 3 survivors (6144K)
 Metaspace       used 76609K, committed 77312K, reserved 1179648K
  class space    used 10779K, committed 11136K, reserved 1048576K
}
Event: 117.207 GC heap after
{Heap after GC invocations=24 (full 1):
 garbage-first heap   total 524288K, used 107916K [0x0000000701800000, 0x0000000800000000)
  region size 2048K, 3 young (6144K), 3 survivors (6144K)
 Metaspace       used 76609K, committed 77312K, reserved 1179648K
  class space    used 10779K, committed 11136K, reserved 1048576K
}
Event: 127.448 GC heap before
{Heap before GC invocations=24 (full 1):
 garbage-first heap   total 524288K, used 183692K [0x0000000701800000, 0x0000000800000000)
  region size 2048K, 40 young (81920K), 3 survivors (6144K)
 Metaspace       used 76749K, committed 77440K, reserved 1179648K
  class space    used 10780K, committed 11136K, reserved 1048576K
}
Event: 127.452 GC heap after
{Heap after GC invocations=25 (full 1):
 garbage-first heap   total 524288K, used 108383K [0x0000000701800000, 0x0000000800000000)
  region size 2048K, 3 young (6144K), 3 survivors (6144K)
 Metaspace       used 76749K, committed 77440K, reserved 1179648K
  class space    used 10780K, committed 11136K, reserved 1048576K
}
Event: 137.228 GC heap before
{Heap before GC invocations=25 (full 1):
 garbage-first heap   total 524288K, used 184159K [0x0000000701800000, 0x0000000800000000)
  region size 2048K, 40 young (81920K), 3 survivors (6144K)
 Metaspace       used 76881K, committed 77568K, reserved 1179648K
  class space    used 10789K, committed 11136K, reserved 1048576K
}
Event: 137.232 GC heap after
{Heap after GC invocations=26 (full 1):
 garbage-first heap   total 524288K, used 108423K [0x0000000701800000, 0x0000000800000000)
  region size 2048K, 2 young (4096K), 2 survivors (4096K)
 Metaspace       used 76881K, committed 77568K, reserved 1179648K
  class space    used 10789K, committed 11136K, reserved 1048576K
}
Event: 138.956 GC heap before
{Heap before GC invocations=26 (full 1):
 garbage-first heap   total 524288K, used 186247K [0x0000000701800000, 0x0000000800000000)
  region size 2048K, 40 young (81920K), 2 survivors (4096K)
 Metaspace       used 76984K, committed 77632K, reserved 1179648K
  class space    used 10796K, committed 11136K, reserved 1048576K
}
Event: 138.959 GC heap after
{Heap after GC invocations=27 (full 1):
 garbage-first heap   total 524288K, used 109319K [0x0000000701800000, 0x0000000800000000)
  region size 2048K, 3 young (6144K), 3 survivors (6144K)
 Metaspace       used 76984K, committed 77632K, reserved 1179648K
  class space    used 10796K, committed 11136K, reserved 1048576K
}
Event: 145.033 GC heap before
{Heap before GC invocations=27 (full 1):
 garbage-first heap   total 524288K, used 185095K [0x0000000701800000, 0x0000000800000000)
  region size 2048K, 40 young (81920K), 3 survivors (6144K)
 Metaspace       used 77176K, committed 77824K, reserved 1179648K
  class space    used 10796K, committed 11136K, reserved 1048576K
}
Event: 145.037 GC heap after
{Heap after GC invocations=28 (full 1):
 garbage-first heap   total 524288K, used 109463K [0x0000000701800000, 0x0000000800000000)
  region size 2048K, 3 young (6144K), 3 survivors (6144K)
 Metaspace       used 77176K, committed 77824K, reserved 1179648K
  class space    used 10796K, committed 11136K, reserved 1048576K
}
Event: 152.970 GC heap before
{Heap before GC invocations=28 (full 1):
 garbage-first heap   total 524288K, used 185239K [0x0000000701800000, 0x0000000800000000)
  region size 2048K, 40 young (81920K), 3 survivors (6144K)
 Metaspace       used 77383K, committed 78016K, reserved 1179648K
  class space    used 10796K, committed 11136K, reserved 1048576K
}
Event: 152.973 GC heap after
{Heap after GC invocations=29 (full 1):
 garbage-first heap   total 524288K, used 110254K [0x0000000701800000, 0x0000000800000000)
  region size 2048K, 3 young (6144K), 3 survivors (6144K)
 Metaspace       used 77383K, committed 78016K, reserved 1179648K
  class space    used 10796K, committed 11136K, reserved 1048576K
}

