# JRE version: OpenJDK Runtime Environment Temurin-17.0.7+7 (17.0.7+7) (build 17.0.7+7)
# Java VM: OpenJDK 64-Bit Server VM Temurin-17.0.7+7 (17.0.7+7, mixed mode, sharing, tiered, compressed oops, compressed class ptrs, g1 gc, windows-amd64)
GC Precious Log:
 CPUs: 16 total, 16 available
 Memory: 16088M
 Large Page Support: Disabled
 NUMA Support: Disabled
 Compressed Oops: Enabled (Zero based)
 Heap Region Size: 2M
 Heap Min Capacity: 512M
 Heap Initial Capacity: 512M
 Heap Max Capacity: 4072M
 Pre-touch: Disabled
 Parallel Workers: 13
 Concurrent Workers: 3
 Concurrent Refinement Workers: 13
 Periodic GC: Disabled
 String Deduplication is enabled
Heap:
 garbage-first heap   total 524288K, used 110572K [0x0000000701800000, 0x0000000800000000)
  region size 2048K, 5 young (10240K), 2 survivors (4096K)
 Metaspace       used 79482K, committed 80064K, reserved 1179648K
  class space    used 10858K, committed 11136K, reserved 1048576K
GC Heap History (20 events):
Event: 487.545 GC heap before
{Heap before GC invocations=50 (full 2):
 garbage-first heap   total 524288K, used 184789K [0x0000000701800000, 0x0000000800000000)
  region size 2048K, 40 young (81920K), 1 survivors (2048K)
 Metaspace       used 79052K, committed 79680K, reserved 1179648K
  class space    used 10858K, committed 11136K, reserved 1048576K
}
Event: 487.547 GC heap after
{Heap after GC invocations=51 (full 2):
 garbage-first heap   total 524288K, used 104918K [0x0000000701800000, 0x0000000800000000)
  region size 2048K, 1 young (2048K), 1 survivors (2048K)
 Metaspace       used 79052K, committed 79680K, reserved 1179648K
  class space    used 10858K, committed 11136K, reserved 1048576K
}
Event: 502.774 GC heap before
{Heap before GC invocations=51 (full 2):
 garbage-first heap   total 524288K, used 184790K [0x0000000701800000, 0x0000000800000000)
  region size 2048K, 40 young (81920K), 1 survivors (2048K)
 Metaspace       used 79102K, committed 79680K, reserved 1179648K
  class space    used 10858K, committed 11136K, reserved 1048576K
}
Event: 502.776 GC heap after
{Heap after GC invocations=52 (full 2):
 garbage-first heap   total 524288K, used 105016K [0x0000000701800000, 0x0000000800000000)
  region size 2048K, 1 young (2048K), 1 survivors (2048K)
 Metaspace       used 79102K, committed 79680K, reserved 1179648K
  class space    used 10858K, committed 11136K, reserved 1048576K
}
Event: 504.725 GC heap before
{Heap before GC invocations=52 (full 2):
 garbage-first heap   total 524288K, used 184888K [0x0000000701800000, 0x0000000800000000)
  region size 2048K, 40 young (81920K), 1 survivors (2048K)
 Metaspace       used 79128K, committed 79680K, reserved 1179648K
  class space    used 10858K, committed 11136K, reserved 1048576K
}
Event: 504.727 GC heap after
{Heap after GC invocations=53 (full 2):
 garbage-first heap   total 524288K, used 105586K [0x0000000701800000, 0x0000000800000000)
  region size 2048K, 2 young (4096K), 2 survivors (4096K)
 Metaspace       used 79128K, committed 79680K, reserved 1179648K
  class space    used 10858K, committed 11136K, reserved 1048576K
}
Event: 507.070 GC heap before
{Heap before GC invocations=53 (full 2):
 garbage-first heap   total 524288K, used 183410K [0x0000000701800000, 0x0000000800000000)
  region size 2048K, 40 young (81920K), 2 survivors (4096K)
 Metaspace       used 79182K, committed 79808K, reserved 1179648K
  class space    used 10858K, committed 11136K, reserved 1048576K
}
Event: 507.072 GC heap after
{Heap after GC invocations=54 (full 2):
 garbage-first heap   total 524288K, used 105251K [0x0000000701800000, 0x0000000800000000)
  region size 2048K, 1 young (2048K), 1 survivors (2048K)
 Metaspace       used 79182K, committed 79808K, reserved 1179648K
  class space    used 10858K, committed 11136K, reserved 1048576K
}
Event: 513.025 GC heap before
{Heap before GC invocations=54 (full 2):
 garbage-first heap   total 524288K, used 185123K [0x0000000701800000, 0x0000000800000000)
  region size 2048K, 40 young (81920K), 1 survivors (2048K)
 Metaspace       used 79290K, committed 79872K, reserved 1179648K
  class space    used 10858K, committed 11136K, reserved 1048576K
}
Event: 513.027 GC heap after
{Heap after GC invocations=55 (full 2):
 garbage-first heap   total 524288K, used 105266K [0x0000000701800000, 0x0000000800000000)
  region size 2048K, 1 young (2048K), 1 survivors (2048K)
 Metaspace       used 79290K, committed 79872K, reserved 1179648K
  class space    used 10858K, committed 11136K, reserved 1048576K
}
Event: 525.072 GC heap before
{Heap before GC invocations=55 (full 2):
 garbage-first heap   total 524288K, used 185138K [0x0000000701800000, 0x0000000800000000)
  region size 2048K, 40 young (81920K), 1 survivors (2048K)
 Metaspace       used 79328K, committed 79936K, reserved 1179648K
  class space    used 10858K, committed 11136K, reserved 1048576K
}
Event: 525.074 GC heap after
{Heap after GC invocations=56 (full 2):
 garbage-first heap   total 524288K, used 106955K [0x0000000701800000, 0x0000000800000000)
  region size 2048K, 2 young (4096K), 2 survivors (4096K)
 Metaspace       used 79328K, committed 79936K, reserved 1179648K
  class space    used 10858K, committed 11136K, reserved 1048576K
}
Event: 539.617 GC heap before
{Heap before GC invocations=56 (full 2):
 garbage-first heap   total 524288K, used 184779K [0x0000000701800000, 0x0000000800000000)
  region size 2048K, 40 young (81920K), 2 survivors (4096K)
 Metaspace       used 79384K, committed 79936K, reserved 1179648K
  class space    used 10858K, committed 11136K, reserved 1048576K
}
Event: 539.619 GC heap after
{Heap after GC invocations=57 (full 2):
 garbage-first heap   total 524288K, used 106438K [0x0000000701800000, 0x0000000800000000)
  region size 2048K, 2 young (4096K), 2 survivors (4096K)
 Metaspace       used 79384K, committed 79936K, reserved 1179648K
  class space    used 10858K, committed 11136K, reserved 1048576K
}
Event: 570.790 GC heap before
{Heap before GC invocations=57 (full 2):
 garbage-first heap   total 524288K, used 184262K [0x0000000701800000, 0x0000000800000000)
  region size 2048K, 40 young (81920K), 2 survivors (4096K)
 Metaspace       used 79427K, committed 80000K, reserved 1179648K
  class space    used 10858K, committed 11136K, reserved 1048576K
}
Event: 570.794 GC heap after
{Heap after GC invocations=58 (full 2):
 garbage-first heap   total 524288K, used 106371K [0x0000000701800000, 0x0000000800000000)
  region size 2048K, 2 young (4096K), 2 survivors (4096K)
 Metaspace       used 79427K, committed 80000K, reserved 1179648K
  class space    used 10858K, committed 11136K, reserved 1048576K
}
Event: 598.377 GC heap before
{Heap before GC invocations=58 (full 2):
 garbage-first heap   total 524288K, used 184195K [0x0000000701800000, 0x0000000800000000)
  region size 2048K, 40 young (81920K), 2 survivors (4096K)
 Metaspace       used 79452K, committed 80000K, reserved 1179648K
  class space    used 10858K, committed 11136K, reserved 1048576K
}
Event: 598.379 GC heap after
{Heap after GC invocations=59 (full 2):
 garbage-first heap   total 524288K, used 106466K [0x0000000701800000, 0x0000000800000000)
  region size 2048K, 2 young (4096K), 2 survivors (4096K)
 Metaspace       used 79452K, committed 80000K, reserved 1179648K
  class space    used 10858K, committed 11136K, reserved 1048576K
}
Event: 626.989 GC heap before
{Heap before GC invocations=59 (full 2):
 garbage-first heap   total 524288K, used 184290K [0x0000000701800000, 0x0000000800000000)
  region size 2048K, 40 young (81920K), 2 survivors (4096K)
 Metaspace       used 79480K, committed 80064K, reserved 1179648K
  class space    used 10858K, committed 11136K, reserved 1048576K
}
Event: 626.992 GC heap after
{Heap after GC invocations=60 (full 2):
 garbage-first heap   total 524288K, used 106476K [0x0000000701800000, 0x0000000800000000)
  region size 2048K, 2 young (4096K), 2 survivors (4096K)
 Metaspace       used 79480K, committed 80064K, reserved 1179648K
  class space    used 10858K, committed 11136K, reserved 1048576K
}

